#
# There is insufficient memory for the Java Runtime Environment to continue.
# Native memory allocation (mmap) failed to map 130023424 bytes for G1 virtual space
# Possible reasons:
#   The system is out of physical RAM or swap space
#   The process is running with CompressedOops enabled, and the Java Heap may be blocking the growth of the native heap
# Possible solutions:
#   Reduce memory load on the system
#   Increase physical memory or swap space
#   Check if swap backing store is full
#   Decrease Java heap size (-Xmx/-Xms)
#   Decrease number of Java threads
#   Decrease Java thread stack sizes (-Xss)
#   Set larger code cache with -XX:ReservedCodeCacheSize=
#   JVM is running with Unscaled Compressed Oops mode in which the Java heap is
#     placed in the first 4GB address space. The Java Heap base address is the
#     maximum limit for the native heap growth. Please use -XX:HeapBaseMinAddress
#     to set the Java Heap base and to place the Java Heap above 4GB virtual address.
# This output file may be truncated or incomplete.
#
#  Out of Memory Error (os_windows.cpp:3550), pid=9312, tid=20712
#
# JRE version:  (17.0.6+9) (build )
# Java VM: Java HotSpot(TM) 64-Bit Server VM (17.0.6+9-LTS-190, mixed mode, emulated-client, sharing, tiered, compressed oops, compressed class ptrs, g1 gc, windows-amd64)
# No core dump will be written. Minidumps are not enabled by default on client versions of Windows
#

---------------  S U M M A R Y ------------

Command Line: -XX:TieredStopAtLevel=1 -Dspring.output.ansi.enabled=always -Dcom.sun.management.jmxremote -Dspring.jmx.enabled=true -Dspring.liveBeansView.mbeanDomain -Dspring.application.admin.enabled=true -Dmanagement.endpoints.jmx.exposure.include=* -javaagent:C:\Program Files\JetBrains\IntelliJU IDEA 2023.2.2\lib\idea_rt.jar=58422:C:\Program Files\JetBrains\IntelliJU IDEA 2023.2.2\bin -Dfile.encoding=UTF-8 com.udesc.iwe.IweApplication

Host: 11th Gen Intel(R) Core(TM) i5-1135G7 @ 2.40GHz, 8 cores, 7G,  Windows 11 , 64 bit Build 22621 (10.0.22621.2506)
Time: Sun Dec  3 16:00:44 2023 Hora oficial do Brasil elapsed time: 0.024732 seconds (0d 0h 0m 0s)

---------------  T H R E A D  ---------------

Current thread (0x000001eb505e8c80):  JavaThread "Unknown thread" [_thread_in_vm, id=20712, stack(0x000000748ae00000,0x000000748af00000)]

Stack: [0x000000748ae00000,0x000000748af00000]
Native frames: (J=compiled Java code, j=interpreted, Vv=VM code, C=native code)
V  [jvm.dll+0x6734ea]
V  [jvm.dll+0x7d18f4]
V  [jvm.dll+0x7d309e]
V  [jvm.dll+0x7d3703]
V  [jvm.dll+0x2433c5]
V  [jvm.dll+0x6703f9]
V  [jvm.dll+0x664d32]
V  [jvm.dll+0x300086]
V  [jvm.dll+0x307606]
V  [jvm.dll+0x356c1e]
V  [jvm.dll+0x356e4f]
V  [jvm.dll+0x2d72e8]
V  [jvm.dll+0x2d8254]
V  [jvm.dll+0x7a33b1]
V  [jvm.dll+0x3647f1]
V  [jvm.dll+0x782839]
V  [jvm.dll+0x3e757f]
V  [jvm.dll+0x3e9001]
C  [jli.dll+0x5297]
C  [ucrtbase.dll+0x29363]
C  [KERNEL32.DLL+0x1257d]
C  [ntdll.dll+0x5aa58]


---------------  P R O C E S S  ---------------

Threads class SMR info:
_java_thread_list=0x00007ffff619e958, length=0, elements={
}

Java Threads: ( => current thread )

Other Threads:
  0x000001eb50642540 GCTaskThread "GC Thread#0" [stack: 0x000000748af00000,0x000000748b000000] [id=3404]
  0x000001eb50652b10 ConcurrentGCThread "G1 Main Marker" [stack: 0x000000748b000000,0x000000748b100000] [id=18348]
  0x000001eb50653430 ConcurrentGCThread "G1 Conc#0" [stack: 0x000000748b100000,0x000000748b200000] [id=2656]

[error occurred during error reporting (printing all threads), id 0xc0000005, EXCEPTION_ACCESS_VIOLATION (0xc0000005) at pc=0x00007ffff59d7f07]

VM state: not at safepoint (not fully initialized)

VM Mutex/Monitor currently owned by a thread:  ([mutex/lock_event])
[0x000001eb505e5d90] Heap_lock - owner thread: 0x000001eb505e8c80

Heap address: 0x0000000084400000, size: 1980 MB, Compressed Oops mode: 32-bit

CDS archive(s) mapped at: [0x0000000000000000-0x0000000000000000-0x0000000000000000), size 0, SharedBaseAddress: 0x0000000800000000, ArchiveRelocationMode: 0.
Narrow klass base: 0x0000000000000000, Narrow klass shift: 0, Narrow klass range: 0x0

GC Precious Log:
<Empty>

Heap:
 garbage-first heap   total 0K, used 0K [0x0000000084400000, 0x0000000100000000)
  region size 1024K, 0 young (0K), 0 survivors (0K)

[error occurred during error reporting (printing heap information), id 0xc0000005, EXCEPTION_ACCESS_VIOLATION (0xc0000005) at pc=0x00007ffff5dbc759]

GC Heap History (0 events):
No events

Deoptimization events (0 events):
No events

Classes unloaded (0 events):
No events

Classes redefined (0 events):
No events

Internal exceptions (0 events):
No events

VM Operations (0 events):
No events

Events (1 events):
Event: 0.017 Loaded shared library C:\Program Files\Java\jdk-17\bin\java.dll


Dynamic libraries:
0x00007ff7df2a0000 - 0x00007ff7df2b0000 	C:\Program Files\Java\jdk-17\bin\java.exe
0x00007ff85e0d0000 - 0x00007ff85e2e7000 	C:\Windows\SYSTEM32\ntdll.dll
0x00007ff85cab0000 - 0x00007ff85cb74000 	C:\Windows\System32\KERNEL32.DLL
0x00007ff85b5f0000 - 0x00007ff85b995000 	C:\Windows\System32\KERNELBASE.dll
0x00007ff85bac0000 - 0x00007ff85bbd1000 	C:\Windows\System32\ucrtbase.dll
0x00007ff833210000 - 0x00007ff83322b000 	C:\Program Files\Java\jdk-17\bin\VCRUNTIME140.dll
0x00007ff841550000 - 0x00007ff841568000 	C:\Program Files\Java\jdk-17\bin\jli.dll
0x00007ff85c670000 - 0x00007ff85c721000 	C:\Windows\System32\ADVAPI32.dll
0x00007ff85c5c0000 - 0x00007ff85c667000 	C:\Windows\System32\msvcrt.dll
0x00007ff85c160000 - 0x00007ff85c206000 	C:\Windows\System32\sechost.dll
0x00007ff85d520000 - 0x00007ff85d637000 	C:\Windows\System32\RPCRT4.dll
0x00007ff85c850000 - 0x00007ff85c9fe000 	C:\Windows\System32\USER32.dll
0x00007ff85bd50000 - 0x00007ff85bd76000 	C:\Windows\System32\win32u.dll
0x00007ff85d0e0000 - 0x00007ff85d109000 	C:\Windows\System32\GDI32.dll
0x00007ff85b9a0000 - 0x00007ff85bab9000 	C:\Windows\System32\gdi32full.dll
0x00007ff85bd80000 - 0x00007ff85be1a000 	C:\Windows\System32\msvcp_win.dll
0x00007ff845680000 - 0x00007ff845913000 	C:\Windows\WinSxS\amd64_microsoft.windows.common-controls_6595b64144ccf1df_6.0.22621.2506_none_270c5ae97388e100\COMCTL32.dll
0x00007ff84a430000 - 0x00007ff84a43a000 	C:\Windows\SYSTEM32\VERSION.dll
0x00007ff85c730000 - 0x00007ff85c761000 	C:\Windows\System32\IMM32.DLL
0x00007ff84dff0000 - 0x00007ff84dffc000 	C:\Program Files\Java\jdk-17\bin\vcruntime140_1.dll
0x00007ff80e170000 - 0x00007ff80e1fe000 	C:\Program Files\Java\jdk-17\bin\msvcp140.dll
0x00007ffff56f0000 - 0x00007ffff62c7000 	C:\Program Files\Java\jdk-17\bin\server\jvm.dll
0x00007ff85e080000 - 0x00007ff85e088000 	C:\Windows\System32\PSAPI.DLL
0x00007ff84f830000 - 0x00007ff84f864000 	C:\Windows\SYSTEM32\WINMM.dll
0x00007ff83ef40000 - 0x00007ff83ef49000 	C:\Windows\SYSTEM32\WSOCK32.dll
0x00007ff85ca10000 - 0x00007ff85ca81000 	C:\Windows\System32\WS2_32.dll
0x00007ff85a3a0000 - 0x00007ff85a3b8000 	C:\Windows\SYSTEM32\kernel.appcore.dll
0x00007ff84dc60000 - 0x00007ff84dc6a000 	C:\Program Files\Java\jdk-17\bin\jimage.dll
0x00007ff858b40000 - 0x00007ff858d73000 	C:\Windows\SYSTEM32\DBGHELP.DLL
0x00007ff85c210000 - 0x00007ff85c599000 	C:\Windows\System32\combase.dll
0x00007ff85cb80000 - 0x00007ff85cc57000 	C:\Windows\System32\OLEAUT32.dll
0x00007ff84c3e0000 - 0x00007ff84c412000 	C:\Windows\SYSTEM32\dbgcore.DLL
0x00007ff85b4b0000 - 0x00007ff85b52a000 	C:\Windows\System32\bcryptPrimitives.dll
0x00007ff839960000 - 0x00007ff83996e000 	C:\Program Files\Java\jdk-17\bin\instrument.dll
0x00007ff82f630000 - 0x00007ff82f655000 	C:\Program Files\Java\jdk-17\bin\java.dll

dbghelp: loaded successfully - version: 4.0.5 - missing functions: none
symbol engine: initialized successfully - sym options: 0x614 - pdb path: .;C:\Program Files\Java\jdk-17\bin;C:\Windows\SYSTEM32;C:\Windows\WinSxS\amd64_microsoft.windows.common-controls_6595b64144ccf1df_6.0.22621.2506_none_270c5ae97388e100;C:\Program Files\Java\jdk-17\bin\server

VM Arguments:
jvm_args: -XX:TieredStopAtLevel=1 -Dspring.output.ansi.enabled=always -Dcom.sun.management.jmxremote -Dspring.jmx.enabled=true -Dspring.liveBeansView.mbeanDomain -Dspring.application.admin.enabled=true -Dmanagement.endpoints.jmx.exposure.include=* -javaagent:C:\Program Files\JetBrains\IntelliJU IDEA 2023.2.2\lib\idea_rt.jar=58422:C:\Program Files\JetBrains\IntelliJU IDEA 2023.2.2\bin -Dfile.encoding=UTF-8 
java_command: com.udesc.iwe.IweApplication
java_class_path (initial): C:\Users\afcoe\Desktop\Teste\UDESC\5 semestre restante\55DSW\trabalho_final_web_back\Web\target\classes;C:\Users\afcoe\.m2\repository\org\springframework\boot\spring-boot-starter\2.6.0\spring-boot-starter-2.6.0.jar;C:\Users\afcoe\.m2\repository\org\springframework\boot\spring-boot\2.6.0\spring-boot-2.6.0.jar;C:\Users\afcoe\.m2\repository\org\springframework\boot\spring-boot-autoconfigure\2.6.0\spring-boot-autoconfigure-2.6.0.jar;C:\Users\afcoe\.m2\repository\org\springframework\boot\spring-boot-starter-logging\2.6.0\spring-boot-starter-logging-2.6.0.jar;C:\Users\afcoe\.m2\repository\ch\qos\logback\logback-classic\1.2.7\logback-classic-1.2.7.jar;C:\Users\afcoe\.m2\repository\ch\qos\logback\logback-core\1.2.7\logback-core-1.2.7.jar;C:\Users\afcoe\.m2\repository\org\apache\logging\log4j\log4j-to-slf4j\2.14.1\log4j-to-slf4j-2.14.1.jar;C:\Users\afcoe\.m2\repository\org\apache\logging\log4j\log4j-api\2.14.1\log4j-api-2.14.1.jar;C:\Users\afcoe\.m2\repository\org\slf4j\jul-to-slf4j\1.7.32\jul-to-slf4j-1.7.32.jar;C:\Users\afcoe\.m2\repository\jakarta\annotation\jakarta.annotation-api\1.3.5\jakarta.annotation-api-1.3.5.jar;C:\Users\afcoe\.m2\repository\org\springframework\spring-core\5.3.13\spring-core-5.3.13.jar;C:\Users\afcoe\.m2\repository\org\springframework\spring-jcl\5.3.13\spring-jcl-5.3.13.jar;C:\Users\afcoe\.m2\repository\org\yaml\snakeyaml\1.29\snakeyaml-1.29.jar;C:\Users\afcoe\.m2\repository\org\springframework\boot\spring-boot-starter-web\2.6.0\spring-boot-starter-web-2.6.0.jar;C:\Users\afcoe\.m2\repository\org\springframework\boot\spring-boot-starter-json\2.6.0\spring-boot-starter-json-2.6.0.jar;C:\Users\afcoe\.m2\repository\com\fasterxml\jackson\core\jackson-databind\2.13.0\jackson-databind-2.13.0.jar;C:\Users\afcoe\.m2\repository\com\fasterxml\jackson\core\jackson-annotations\2.13.0\jackson-annotations-2.13.0.jar;C:\Users\afcoe\.m2\repository\com\fasterxml\jackson\core\jackson-core\2.13.0\jackson-core-2.13.0.jar;C:\Users\afcoe\.m2\r
Launcher Type: SUN_STANDARD

[Global flags]
     intx CICompilerCount                          = 4                                         {product} {ergonomic}
     uint ConcGCThreads                            = 2                                         {product} {ergonomic}
     uint G1ConcRefinementThreads                  = 8                                         {product} {ergonomic}
   size_t G1HeapRegionSize                         = 1048576                                   {product} {ergonomic}
    uintx GCDrainStackTargetSize                   = 64                                        {product} {ergonomic}
   size_t InitialHeapSize                          = 130023424                                 {product} {ergonomic}
     bool ManagementServer                         = true                                      {product} {command line}
   size_t MarkStackSize                            = 4194304                                   {product} {ergonomic}
   size_t MaxHeapSize                              = 2076180480                                {product} {ergonomic}
   size_t MinHeapDeltaBytes                        = 1048576                                   {product} {ergonomic}
   size_t MinHeapSize                              = 8388608                                   {product} {ergonomic}
    uintx NonProfiledCodeHeapSize                  = 0                                      {pd product} {ergonomic}
     bool ProfileInterpreter                       = false                                  {pd product} {command line}
    uintx ProfiledCodeHeapSize                     = 0                                      {pd product} {ergonomic}
   size_t SoftMaxHeapSize                          = 2076180480                             {manageable} {ergonomic}
     intx TieredStopAtLevel                        = 1                                         {product} {command line}
     bool UseCompressedClassPointers               = true                           {product lp64_product} {ergonomic}
     bool UseCompressedOops                        = true                           {product lp64_product} {ergonomic}
     bool UseG1GC                                  = true                                      {product} {ergonomic}
     bool UseLargePagesIndividualAllocation        = false                                  {pd product} {ergonomic}

Logging:
Log output configuration:
 #0: stdout all=warning uptime,level,tags
 #1: stderr all=off uptime,level,tags

Environment Variables:
PATH=C:\Python312\Scripts\;C:\Python312\;C:\Program Files\Common Files\Oracle\Java\javapath;C:\Program Files\Microsoft\jdk-11.0.12.7-hotspot\bin;C:\Windows\system32;C:\Windows;C:\Windows\System32\Wbem;C:\Windows\System32\WindowsPowerShell\v1.0\;C:\Windows\System32\OpenSSH\;C:\Program Files\Git\cmd;C:\Program Files\Microsoft SQL Server\150\Tools\Binn\;C:\Program Files\Microsoft SQL Server\Client SDK\ODBC\170\Tools\Binn\;C:\Program Files\dotnet\;C:\ProgramData\ComposerSetup\bin;C:\Program Files\Docker\Docker\resources\bin;C:\glpk-4.65\w64;C:\xampp\php;C:\Users\afcoe\AppData\Local\Programs\Python\Python311\Scripts\;C:\Users\afcoe\AppData\Local\Programs\Python\Python311\;C:\Program Files\nodejs\;C:\ProgramData\chocolatey\bin;C:\Users\afcoe\AppData\Local\Programs\Python\Python311\Scripts\;C:\Users\afcoe\AppData\Local\Programs\Python\Python311\;C:\Users\afcoe\AppData\Local\Microsoft\WindowsApps;C:\Users\afcoe\AppData\Local\Programs\Microsoft VS Code\bin;C:\Users\afcoe\AppData\Local\GitHubDesktop\bin;C:\Users\afcoe\AppData\Roaming\Composer\vendor\bin;C:\Program Files\MySQL\MySQL Server 8.0\bin;;C:\Program Files\JetBrains\IntelliJU IDEA 2023.2.2\bin;;C:\Users\afcoe\AppData\Roaming\npm
USERNAME=afcoe
OS=Windows_NT
PROCESSOR_IDENTIFIER=Intel64 Family 6 Model 140 Stepping 1, GenuineIntel



---------------  S Y S T E M  ---------------

OS:
 Windows 11 , 64 bit Build 22621 (10.0.22621.2506)
OS uptime: 17 days 22:15 hours
Hyper-V role detected

CPU: total 8 (initial active 8) (4 cores per cpu, 2 threads per core) family 6 model 140 stepping 1 microcode 0x8a, cx8, cmov, fxsr, ht, mmx, 3dnowpref, sse, sse2, sse3, ssse3, sse4.1, sse4.2, popcnt, lzcnt, tsc, tscinvbit, avx, avx2, aes, erms, clmul, bmi1, bmi2, adx, avx512f, avx512dq, avx512cd, avx512bw, avx512vl, sha, fma, vzeroupper, avx512_vpopcntdq, avx512_vpclmulqdq, avx512_vaes, avx512_vnni, clflush, clflushopt, clwb, avx512_vbmi2, avx512_vbmi, hv

Memory: 4k page, system-wide physical 7915M (435M free)
TotalPageFile size 32491M (AvailPageFile size 71M)
current process WorkingSet (physical memory assigned to process): 11M, peak: 11M
current process commit charge ("private bytes"): 55M, peak: 179M

vm_info: Java HotSpot(TM) 64-Bit Server VM (17.0.6+9-LTS-190) for windows-amd64 JRE (17.0.6+9-LTS-190), built on Dec  6 2022 15:53:54 by "mach5one" with MS VC++ 17.1 (VS2022)

END.
